android/app/build/outputs/logs/manifest-merger-release-report.txt
-- Merging decision tree log ---
manifest
ADDED from src\main\AndroidManifest.xml:1:1-66:12
INJECTED from src\main\AndroidManifest.xml:1:1-66:12
INJECTED from src\main\AndroidManifest.xml:1:1-66:12
INJECTED from src\main\AndroidManifest.xml:1:1-66:12
MERGED from [:shared_preferences] AndroidManifest.xml:2:1-7:12
MERGED from [:android_alarm_manager_plus] AndroidManifest.xml:2:1-7:12
MERGED from [:webview_flutter] AndroidManifest.xml:2:1-7:12
MERGED from [:url_launcher] AndroidManifest.xml:2:1-14:12
MERGED from [androidx.appcompat:appcompat:1.3.1] AndroidManifest.xml:17:1-24:12
MERGED from [androidx.webkit:webkit:1.0.0] AndroidManifest.xml:17:1-22:12
MERGED from [androidx.fragment:fragment:1.3.6] AndroidManifest.xml:17:1-24:12
MERGED from [androidx.activity:activity:1.2.4] AndroidManifest.xml:17:1-24:12
MERGED from [androidx.appcompat:appcompat-resources:1.3.1] AndroidManifest.xml:17:1-24:12
MERGED from [androidx.drawerlayout:drawerlayout:1.0.0] AndroidManifest.xml:17:1-22:12
MERGED from [androidx.viewpager:viewpager:1.0.0] AndroidManifest.xml:17:1-22:12
MERGED from [androidx.loader:loader:1.0.0] AndroidManifest.xml:17:1-22:12
MERGED from [androidx.vectordrawable:vectordrawable-animated:1.1.0] AndroidManifest.xml:17:1-24:12
MERGED from [androidx.vectordrawable:vectordrawable:1.1.0] AndroidManifest.xml:17:1-24:12
MERGED from [androidx.customview:customview:1.0.0] AndroidManifest.xml:17:1-22:12
MERGED from [androidx.core:core:1.6.0] AndroidManifest.xml:17:1-26:12
MERGED from [androidx.versionedparcelable:versionedparcelable:1.1.1] AndroidManifest.xml:17:1-27:12
MERGED from [androidx.lifecycle:lifecycle-runtime:2.3.1] AndroidManifest.xml:17:1-24:12
MERGED from [androidx.cursoradapter:cursoradapter:1.0.0] AndroidManifest.xml:17:1-22:12
MERGED from [androidx.lifecycle:lifecycle-viewmodel-savedstate:2.3.1] AndroidManifest.xml:17:1-24:12
MERGED from [androidx.savedstate:savedstate:1.1.0] AndroidManifest.xml:17:1-24:12
MERGED from [androidx.lifecycle:lifecycle-viewmodel:2.3.1] AndroidManifest.xml:17:1-24:12
MERGED from [androidx.lifecycle:lifecycle-livedata:2.0.0] AndroidManifest.xml:17:1-22:12
MERGED from [androidx.lifecycle:lifecycle-livedata-core:2.3.1] AndroidManifest.xml:17:1-24:12
MERGED from [androidx.arch.core:core-runtime:2.1.0] AndroidManifest.xml:17:1-24:12
MERGED from [androidx.tracing:tracing:1.0.0] AndroidManifest.xml:17:1-24:12
MERGED from [androidx.interpolator:interpolator:1.0.0] AndroidManifest.xml:17:1-22:12
MERGED from [androidx.annotation:annotation-experimental:1.1.0] AndroidManifest.xml:17:1-24:12
INJECTED from src\main\AndroidManifest.xml:1:1-66:12
INJECTED from src\main\AndroidManifest.xml:1:1-66:12
INJECTED from src\main\AndroidManifest.xml:1:1-66:12
	package
		ADDED from src\main\AndroidManifest.xml:2:5-32
		INJECTED from src\main\AndroidManifest.xml
		INJECTED from src\main\AndroidManifest.xml
	android:versionName
		INJECTED from src\main\AndroidManifest.xml
		ADDED from src\main\AndroidManifest.xml:1:1-66:12
		INJECTED from src\main\AndroidManifest.xml
	android:versionCode
		INJECTED from src\main\AndroidManifest.xml
		ADDED from src\main\AndroidManifest.xml:1:1-66:12
		INJECTED from src\main\AndroidManifest.xml
	xmlns:android
		ADDED from src\main\AndroidManifest.xml:1:11-69
uses-permission#android.permission.RECEIVE_BOOT_COMPLETED
ADDED from src\main\AndroidManifest.xml:3:5-80
	android:name
		ADDED from src\main\AndroidManifest.xml:3:22-78
uses-permission#android.permission.WAKE_LOCK
ADDED from src\main\AndroidManifest.xml:4:5-67
	android:name
		ADDED from src\main\AndroidManifest.xml:4:22-65
uses-permission#android.permission.SCHEDULE_EXACT_ALARM
ADDED from src\main\AndroidManifest.xml:6:5-78
	android:name
		ADDED from src\main\AndroidManifest.xml:6:22-76
application
ADDED from src\main\AndroidManifest.xml:7:4-64:19
MERGED from [:url_launcher] AndroidManifest.xml:7:5-12:19
MERGED from [:url_launcher] AndroidManifest.xml:7:5-12:19
MERGED from [androidx.core:core:1.6.0] AndroidManifest.xml:24:5-89
MERGED from [androidx.core:core:1.6.0] AndroidManifest.xml:24:5-89
MERGED from [androidx.versionedparcelable:versionedparcelable:1.1.1] AndroidManifest.xml:24:5-25:19
MERGED from [androidx.versionedparcelable:versionedparcelable:1.1.1] AndroidManifest.xml:24:5-25:19
	android:appComponentFactory
		ADDED from [androidx.core:core:1.6.0] AndroidManifest.xml:24:18-86
	android:label
		ADDED from src\main\AndroidManifest.xml:8:9-40
	android:icon
		ADDED from src\main\AndroidManifest.xml:9:9-43
	android:usesCleartextTraffic
		ADDED from src\main\AndroidManifest.xml:10:9-44
activity#com.example.hasta.MainActivity
ADDED from src\main\AndroidManifest.xml:14:8-43:20
	android:launchMode
		ADDED from src\main\AndroidManifest.xml:17:13-43
	android:hardwareAccelerated
		ADDED from src\main\AndroidManifest.xml:20:13-47
	android:windowSoftInputMode
		ADDED from src\main\AndroidManifest.xml:21:13-55
	android:configChanges
		ADDED from src\main\AndroidManifest.xml:19:13-163
	android:theme
		ADDED from src\main\AndroidManifest.xml:18:13-47
	android:networkSecurityConfig
		ADDED from src\main\AndroidManifest.xml:16:13-73
	android:name
		ADDED from src\main\AndroidManifest.xml:15:13-41
meta-data#io.flutter.embedding.android.NormalTheme
ADDED from src\main\AndroidManifest.xml:26:13-29:17
	android:resource
		ADDED from src\main\AndroidManifest.xml:28:15-52
	android:name
		ADDED from src\main\AndroidManifest.xml:27:15-70
meta-data#io.flutter.embedding.android.SplashScreenDrawable
ADDED from src\main\AndroidManifest.xml:35:13-38:17
	android:resource
		ADDED from src\main\AndroidManifest.xml:37:15-61
	android:name
		ADDED from src\main\AndroidManifest.xml:36:15-79
intent-filter#action:name:android.intent.action.MAIN+category:name:android.intent.category.LAUNCHER
ADDED from src\main\AndroidManifest.xml:39:13-42:29
action#android.intent.action.MAIN
ADDED from src\main\AndroidManifest.xml:40:17-68
	android:name
		ADDED from src\main\AndroidManifest.xml:40:25-66
category#android.intent.category.LAUNCHER
ADDED from src\main\AndroidManifest.xml:41:17-76
	android:name
		ADDED from src\main\AndroidManifest.xml:41:27-74
meta-data#flutterEmbedding
ADDED from src\main\AndroidManifest.xml:46:9-48:33
	android:value
		ADDED from src\main\AndroidManifest.xml:48:13-30
	android:name
		ADDED from src\main\AndroidManifest.xml:47:13-44
service#dev.fluttercommunity.plus.androidalarmmanager.AlarmService
ADDED from src\main\AndroidManifest.xml:49:8-52:38
	android:exported
		ADDED from src\main\AndroidManifest.xml:52:12-36
	android:permission
		ADDED from src\main\AndroidManifest.xml:51:12-68
	android:name
		ADDED from src\main\AndroidManifest.xml:50:12-85
receiver#dev.fluttercommunity.plus.androidalarmmanager.AlarmBroadcastReceiver
ADDED from src\main\AndroidManifest.xml:53:8-55:38
	android:exported
		ADDED from src\main\AndroidManifest.xml:55:12-36
	android:name
		ADDED from src\main\AndroidManifest.xml:54:12-95
receiver#dev.fluttercommunity.plus.androidalarmmanager.RebootBroadcastReceiver
ADDED from src\main\AndroidManifest.xml:56:8-63:19
	android:enabled
		ADDED from src\main\AndroidManifest.xml:58:12-35
	android:exported
		ADDED from src\main\AndroidManifest.xml:59:12-36
	android:name
		ADDED from src\main\AndroidManifest.xml:57:12-96
intent-filter#action:name:android.intent.action.BOOT_COMPLETED
ADDED from src\main\AndroidManifest.xml:60:12-62:28
action#android.intent.action.BOOT_COMPLETED
ADDED from src\main\AndroidManifest.xml:61:16-78
	android:name
		ADDED from src\main\AndroidManifest.xml:61:24-75
uses-permission#android.permission.INTERNET
ADDED from src\main\AndroidManifest.xml:65:5-66
	android:name
		ADDED from src\main\AndroidManifest.xml:65:22-64
uses-sdk
INJECTED from src\main\AndroidManifest.xml reason: use-sdk injection requested
INJECTED from src\main\AndroidManifest.xml
INJECTED from src\main\AndroidManifest.xml
MERGED from [:shared_preferences] AndroidManifest.xml:5:5-44
MERGED from [:shared_preferences] AndroidManifest.xml:5:5-44
MERGED from [:android_alarm_manager_plus] AndroidManifest.xml:5:5-44
MERGED from [:android_alarm_manager_plus] AndroidManifest.xml:5:5-44
MERGED from [:webview_flutter] AndroidManifest.xml:5:5-44
MERGED from [:webview_flutter] AndroidManifest.xml:5:5-44
MERGED from [:url_launcher] AndroidManifest.xml:5:5-44
MERGED from [:url_launcher] AndroidManifest.xml:5:5-44
MERGED from [androidx.appcompat:appcompat:1.3.1] AndroidManifest.xml:20:5-22:41
MERGED from [androidx.appcompat:appcompat:1.3.1] AndroidManifest.xml:20:5-22:41
MERGED from [androidx.webkit:webkit:1.0.0] AndroidManifest.xml:20:5-44
MERGED from [androidx.webkit:webkit:1.0.0] AndroidManifest.xml:20:5-44
MERGED from [androidx.fragment:fragment:1.3.6] AndroidManifest.xml:20:5-22:41
MERGED from [androidx.fragment:fragment:1.3.6] AndroidManifest.xml:20:5-22:41
MERGED from [androidx.activity:activity:1.2.4] AndroidManifest.xml:20:5-22:41
MERGED from [androidx.activity:activity:1.2.4] AndroidManifest.xml:20:5-22:41
MERGED from [androidx.appcompat:appcompat-resources:1.3.1] AndroidManifest.xml:20:5-22:41
MERGED from [androidx.appcompat:appcompat-resources:1.3.1] AndroidManifest.xml:20:5-22:41
MERGED from [androidx.drawerlayout:drawerlayout:1.0.0] AndroidManifest.xml:20:5-44
MERGED from [androidx.drawerlayout:drawerlayout:1.0.0] AndroidManifest.xml:20:5-44
MERGED from [androidx.viewpager:viewpager:1.0.0] AndroidManifest.xml:20:5-44
MERGED from [androidx.viewpager:viewpager:1.0.0] AndroidManifest.xml:20:5-44
MERGED from [androidx.loader:loader:1.0.0] AndroidManifest.xml:20:5-44
MERGED from [androidx.loader:loader:1.0.0] AndroidManifest.xml:20:5-44
MERGED from [androidx.vectordrawable:vectordrawable-animated:1.1.0] AndroidManifest.xml:20:5-22:41
MERGED from [androidx.vectordrawable:vectordrawable-animated:1.1.0] AndroidManifest.xml:20:5-22:41
MERGED from [androidx.vectordrawable:vectordrawable:1.1.0] AndroidManifest.xml:20:5-22:41
MERGED from [androidx.vectordrawable:vectordrawable:1.1.0] AndroidManifest.xml:20:5-22:41
MERGED from [androidx.customview:customview:1.0.0] AndroidManifest.xml:20:5-44
MERGED from [androidx.customview:customview:1.0.0] AndroidManifest.xml:20:5-44
MERGED from [androidx.core:core:1.6.0] AndroidManifest.xml:20:5-22:41
MERGED from [androidx.core:core:1.6.0] AndroidManifest.xml:20:5-22:41
MERGED from [androidx.versionedparcelable:versionedparcelable:1.1.1] AndroidManifest.xml:20:5-22:41
MERGED from [androidx.versionedparcelable:versionedparcelable:1.1.1] AndroidManifest.xml:20:5-22:41
MERGED from [androidx.lifecycle:lifecycle-runtime:2.3.1] AndroidManifest.xml:20:5-22:41
MERGED from [androidx.lifecycle:lifecycle-runtime:2.3.1] AndroidManifest.xml:20:5-22:41
MERGED from [androidx.cursoradapter:cursoradapter:1.0.0] AndroidManifest.xml:20:5-44
MERGED from [androidx.cursoradapter:cursoradapter:1.0.0] AndroidManifest.xml:20:5-44
MERGED from [androidx.lifecycle:lifecycle-viewmodel-savedstate:2.3.1] AndroidManifest.xml:20:5-22:41
MERGED from [androidx.lifecycle:lifecycle-viewmodel-savedstate:2.3.1] AndroidManifest.xml:20:5-22:41
MERGED from [androidx.savedstate:savedstate:1.1.0] AndroidManifest.xml:20:5-22:41
MERGED from [androidx.savedstate:savedstate:1.1.0] AndroidManifest.xml:20:5-22:41
MERGED from [androidx.lifecycle:lifecycle-viewmodel:2.3.1] AndroidManifest.xml:20:5-22:41
MERGED from [androidx.lifecycle:lifecycle-viewmodel:2.3.1] AndroidManifest.xml:20:5-22:41
MERGED from [androidx.lifecycle:lifecycle-livedata:2.0.0] AndroidManifest.xml:20:5-44
MERGED from [androidx.lifecycle:lifecycle-livedata:2.0.0] AndroidManifest.xml:20:5-44
MERGED from [androidx.lifecycle:lifecycle-livedata-core:2.3.1] AndroidManifest.xml:20:5-22:41
MERGED from [androidx.lifecycle:lifecycle-livedata-core:2.3.1] AndroidManifest.xml:20:5-22:41
MERGED from [androidx.arch.core:core-runtime:2.1.0] AndroidManifest.xml:20:5-22:41
MERGED from [androidx.arch.core:core-runtime:2.1.0] AndroidManifest.xml:20:5-22:41
MERGED from [androidx.tracing:tracing:1.0.0] AndroidManifest.xml:20:5-22:41
MERGED from [androidx.tracing:tracing:1.0.0] AndroidManifest.xml:20:5-22:41
MERGED from [androidx.interpolator:interpolator:1.0.0] AndroidManifest.xml:20:5-44
MERGED from [androidx.interpolator:interpolator:1.0.0] AndroidManifest.xml:20:5-44
MERGED from [androidx.annotation:annotation-experimental:1.1.0] AndroidManifest.xml:20:5-22:41
MERGED from [androidx.annotation:annotation-experimental:1.1.0] AndroidManifest.xml:20:5-22:41
INJECTED from src\main\AndroidManifest.xml
INJECTED from src\main\AndroidManifest.xml
	android:targetSdkVersion
		INJECTED from src\main\AndroidManifest.xml
		ADDED from src\main\AndroidManifest.xml
		INJECTED from src\main\AndroidManifest.xml
	android:minSdkVersion
		INJECTED from src\main\AndroidManifest.xml
		ADDED from src\main\AndroidManifest.xml
		INJECTED from src\main\AndroidManifest.xml
activity#io.flutter.plugins.urllauncher.WebViewActivity
ADDED from [:url_launcher] AndroidManifest.xml:8:9-11:74
	android:exported
		ADDED from [:url_launcher] AndroidManifest.xml:10:13-37
	android:theme
		ADDED from [:url_launcher] AndroidManifest.xml:11:13-71
	android:name
		ADDED from [:url_launcher] AndroidManifest.xml:9:13-74